<?xml version="1.0" encoding="UTF-8"?>
<testng-results skipped="0" failed="0" ignored="0" total="1" passed="1">
  <reporter-output>
  </reporter-output>
  <suite name="Suite1" duration-ms="52925" started-at="2019-02-07T16:59:11Z" finished-at="2019-02-07T17:00:04Z">
    <groups>
    </groups>
    <test name="RegressionSuite1" duration-ms="52925" started-at="2019-02-07T16:59:11Z" finished-at="2019-02-07T17:00:04Z">
      <class name="KFCSAMavenProject.Run.NewTest">
        <test-method status="PASS" signature="beforeClass()[pri:0, instance:KFCSAMavenProject.Run.NewTest@627551fb]" name="beforeClass" is-config="true" duration-ms="11281" started-at="2019-02-07T16:59:11Z" finished-at="2019-02-07T16:59:22Z">
          <reporter-output>
          </reporter-output>
        </test-method> <!-- beforeClass -->
        <test-method status="PASS" signature="openGoogle()[pri:0, instance:KFCSAMavenProject.Run.NewTest@627551fb]" name="openGoogle" duration-ms="36876" started-at="2019-02-07T16:59:22Z" finished-at="2019-02-07T16:59:59Z">
          <reporter-output>
          </reporter-output>
        </test-method> <!-- openGoogle -->
        <test-method status="PASS" signature="getResult(org.testng.ITestResult)[pri:0, instance:KFCSAMavenProject.Run.NewTest@627551fb]" name="getResult" is-config="true" duration-ms="350" started-at="2019-02-07T16:59:59Z" finished-at="2019-02-07T17:00:00Z">
          <params>
            <param index="0">
              <value>
                <![CDATA[[TestResult name=openGoogle status=SUCCESS method=NewTest.openGoogle()[pri:0, instance:KFCSAMavenProject.Run.NewTest@627551fb] output={null}]]]>
              </value>
            </param>
          </params>
          <reporter-output>
          </reporter-output>
        </test-method> <!-- getResult -->
        <test-method status="PASS" signature="afterClass()[pri:0, instance:KFCSAMavenProject.Run.NewTest@627551fb]" name="afterClass" is-config="true" duration-ms="139" started-at="2019-02-07T17:00:00Z" finished-at="2019-02-07T17:00:00Z">
          <reporter-output>
          </reporter-output>
        </test-method> <!-- afterClass -->
        <test-method status="PASS" signature="endReport()[pri:0, instance:KFCSAMavenProject.Run.NewTest@627551fb]" name="endReport" is-config="true" duration-ms="4237" started-at="2019-02-07T17:00:00Z" finished-at="2019-02-07T17:00:04Z">
          <reporter-output>
          </reporter-output>
        </test-method> <!-- endReport -->
      </class> <!-- KFCSAMavenProject.Run.NewTest -->
    </test> <!-- RegressionSuite1 -->
  </suite> <!-- Suite1 -->
</testng-results>
