<?xml version="1.0" encoding="UTF-8"?>
<!-- Generated by org.testng.reporters.JUnitXMLReporter -->
<testsuite hostname="PC257863" ignored="0" name="Default test" tests="2" failures="0" timestamp="09 Feb 2019 14:02:27 GMT" time="109.802" errors="0">
  <testcase name="validateInvalidLoginWithIncorrectPassword" time="14.874" classname="KFCSAMavenProject.Run.TC_03"/>
  <testcase name="validateInvalidLoginWithIncorrectEmailId" time="9.593" classname="KFCSAMavenProject.Run.TC_03"/>
</testsuite> <!-- Default test -->
