<?xml version="1.0" encoding="UTF-8"?>
<testng-results skipped="0" failed="0" ignored="0" total="2" passed="2">
  <reporter-output>
  </reporter-output>
  <suite name="Default suite" duration-ms="109802" started-at="2019-02-09T14:00:37Z" finished-at="2019-02-09T14:02:27Z">
    <groups>
    </groups>
    <test name="Default test" duration-ms="109802" started-at="2019-02-09T14:00:37Z" finished-at="2019-02-09T14:02:27Z">
      <class name="KFCSAMavenProject.Run.TC_03">
        <test-method status="PASS" signature="setUp()[pri:0, instance:KFCSAMavenProject.Run.TC_03@46daef40]" name="setUp" is-config="true" duration-ms="51995" started-at="2019-02-09T14:00:37Z" finished-at="2019-02-09T14:01:29Z">
          <reporter-output>
          </reporter-output>
        </test-method> <!-- setUp -->
        <test-method status="PASS" signature="validateInvalidLoginWithIncorrectPassword()[pri:1, instance:KFCSAMavenProject.Run.TC_03@46daef40]" name="validateInvalidLoginWithIncorrectPassword" duration-ms="14874" started-at="2019-02-09T14:01:29Z" finished-at="2019-02-09T14:01:44Z">
          <reporter-output>
          </reporter-output>
        </test-method> <!-- validateInvalidLoginWithIncorrectPassword -->
        <test-method status="PASS" signature="getResult(org.testng.ITestResult)[pri:0, instance:KFCSAMavenProject.Run.TC_03@46daef40]" name="getResult" is-config="true" duration-ms="126" started-at="2019-02-09T14:01:44Z" finished-at="2019-02-09T14:01:44Z">
          <params>
            <param index="0">
              <value>
                <![CDATA[[TestResult name=validateInvalidLoginWithIncorrectPassword status=SUCCESS method=TC_03.validateInvalidLoginWithIncorrectPassword()[pri:1, instance:KFCSAMavenProject.Run.TC_03@46daef40] output={null}]]]>
              </value>
            </param>
          </params>
          <reporter-output>
          </reporter-output>
        </test-method> <!-- getResult -->
        <test-method status="PASS" signature="setUp()[pri:0, instance:KFCSAMavenProject.Run.TC_03@46daef40]" name="setUp" is-config="true" duration-ms="29624" started-at="2019-02-09T14:01:44Z" finished-at="2019-02-09T14:02:14Z">
          <reporter-output>
          </reporter-output>
        </test-method> <!-- setUp -->
        <test-method status="PASS" signature="validateInvalidLoginWithIncorrectEmailId()[pri:2, instance:KFCSAMavenProject.Run.TC_03@46daef40]" name="validateInvalidLoginWithIncorrectEmailId" duration-ms="9593" started-at="2019-02-09T14:02:14Z" finished-at="2019-02-09T14:02:24Z">
          <reporter-output>
          </reporter-output>
        </test-method> <!-- validateInvalidLoginWithIncorrectEmailId -->
        <test-method status="PASS" signature="afterClass()[pri:0, instance:KFCSAMavenProject.Run.TC_03@46daef40]" name="afterClass" is-config="true" duration-ms="2082" started-at="2019-02-09T14:02:24Z" finished-at="2019-02-09T14:02:26Z">
          <reporter-output>
          </reporter-output>
        </test-method> <!-- afterClass -->
        <test-method status="PASS" signature="getResult(org.testng.ITestResult)[pri:0, instance:KFCSAMavenProject.Run.TC_03@46daef40]" name="getResult" is-config="true" duration-ms="0" started-at="2019-02-09T14:02:24Z" finished-at="2019-02-09T14:02:24Z">
          <params>
            <param index="0">
              <value>
                <![CDATA[[TestResult name=validateInvalidLoginWithIncorrectEmailId status=SUCCESS method=TC_03.validateInvalidLoginWithIncorrectEmailId()[pri:2, instance:KFCSAMavenProject.Run.TC_03@46daef40] output={null}]]]>
              </value>
            </param>
          </params>
          <reporter-output>
          </reporter-output>
        </test-method> <!-- getResult -->
        <test-method status="PASS" signature="endReport()[pri:0, instance:KFCSAMavenProject.Run.TC_03@46daef40]" name="endReport" is-config="true" duration-ms="1461" started-at="2019-02-09T14:02:26Z" finished-at="2019-02-09T14:02:27Z">
          <reporter-output>
          </reporter-output>
        </test-method> <!-- endReport -->
      </class> <!-- KFCSAMavenProject.Run.TC_03 -->
    </test> <!-- Default test -->
  </suite> <!-- Default suite -->
</testng-results>
