<?xml version="1.0" encoding="UTF-8"?>
<testng-results skipped="0" failed="0" ignored="0" total="1" passed="1">
  <reporter-output>
  </reporter-output>
  <suite name="Default suite" duration-ms="73352" started-at="2019-02-11T15:49:39Z" finished-at="2019-02-11T15:50:52Z">
    <groups>
    </groups>
    <test name="Default test" duration-ms="73352" started-at="2019-02-11T15:49:39Z" finished-at="2019-02-11T15:50:52Z">
      <class name="KFCSAMavenProject.Run.TC_01">
        <test-method status="PASS" signature="setUp()[pri:0, instance:KFCSAMavenProject.Run.TC_01@a38d7a3]" name="setUp" is-config="true" duration-ms="29523" started-at="2019-02-11T15:49:39Z" finished-at="2019-02-11T15:50:08Z">
          <reporter-output>
          </reporter-output>
        </test-method> <!-- setUp -->
        <test-method status="PASS" signature="validateLogin()[pri:1, instance:KFCSAMavenProject.Run.TC_01@a38d7a3]" name="validateLogin" duration-ms="40162" started-at="2019-02-11T15:50:09Z" finished-at="2019-02-11T15:50:49Z">
          <reporter-output>
          </reporter-output>
        </test-method> <!-- validateLogin -->
        <test-method status="PASS" signature="getResult(org.testng.ITestResult)[pri:0, instance:KFCSAMavenProject.Run.TC_01@a38d7a3]" name="getResult" is-config="true" duration-ms="114" started-at="2019-02-11T15:50:49Z" finished-at="2019-02-11T15:50:49Z">
          <params>
            <param index="0">
              <value>
                <![CDATA[[TestResult name=validateLogin status=SUCCESS method=TC_01.validateLogin()[pri:1, instance:KFCSAMavenProject.Run.TC_01@a38d7a3] output={null}]]]>
              </value>
            </param>
          </params>
          <reporter-output>
          </reporter-output>
        </test-method> <!-- getResult -->
        <test-method status="PASS" signature="afterClass()[pri:0, instance:KFCSAMavenProject.Run.TC_01@a38d7a3]" name="afterClass" is-config="true" duration-ms="2213" started-at="2019-02-11T15:50:49Z" finished-at="2019-02-11T15:50:51Z">
          <reporter-output>
          </reporter-output>
        </test-method> <!-- afterClass -->
        <test-method status="PASS" signature="endReport()[pri:0, instance:KFCSAMavenProject.Run.TC_01@a38d7a3]" name="endReport" is-config="true" duration-ms="1151" started-at="2019-02-11T15:50:51Z" finished-at="2019-02-11T15:50:52Z">
          <reporter-output>
          </reporter-output>
        </test-method> <!-- endReport -->
      </class> <!-- KFCSAMavenProject.Run.TC_01 -->
    </test> <!-- Default test -->
  </suite> <!-- Default suite -->
</testng-results>
